<?xml version="1.0" encoding="UTF-8"?>
<!-- Generated by org.testng.reporters.JUnitXMLReporter -->
<testsuite hostname="PRFT-16716" failures="0" tests="2" name="leaderboard top five - GoogleChrome" time="29.232" errors="0" timestamp="7 Mar 2022 15:01:27 GMT">
  <testcase classname="xboxtestcases.TC_01_LeaderboardTopFive" name="testGamertag" time="9.977"/>
  <testcase classname="xboxtestcases.TC_02_GamertagTopFive" name="validateUserTopFiveGames" time="4.941"/>
</testsuite> <!-- leaderboard top five - GoogleChrome -->
