<?xml version="1.0" encoding="UTF-8"?>
<testng-results total="2" passed="2" failed="0" skipped="0">
  <reporter-output>
  </reporter-output>
  <suite started-at="2022-03-07T15:00:58Z" name="Xbox Test Suite" finished-at="2022-03-07T15:01:27Z" duration-ms="29232">
    <groups>
      <group name="firefox">
        <method signature="TC_01_LeaderboardTopFive.testGamertag()[pri:0, instance:xboxtestcases.TC_01_LeaderboardTopFive@3d121db3]" name="testGamertag" class="xboxtestcases.TC_01_LeaderboardTopFive"/>
        <method signature="TC_02_GamertagTopFive.validateUserTopFiveGames()[pri:0, instance:xboxtestcases.TC_02_GamertagTopFive@61dd025]" name="validateUserTopFiveGames" class="xboxtestcases.TC_02_GamertagTopFive"/>
      </group> <!-- firefox -->
      <group name="ChromeWin32">
        <method signature="TC_01_LeaderboardTopFive.testGamertag()[pri:0, instance:xboxtestcases.TC_01_LeaderboardTopFive@3d121db3]" name="testGamertag" class="xboxtestcases.TC_01_LeaderboardTopFive"/>
        <method signature="TC_02_GamertagTopFive.validateUserTopFiveGames()[pri:0, instance:xboxtestcases.TC_02_GamertagTopFive@61dd025]" name="validateUserTopFiveGames" class="xboxtestcases.TC_02_GamertagTopFive"/>
      </group> <!-- ChromeWin32 -->
      <group name="IEWin32">
        <method signature="TC_01_LeaderboardTopFive.testGamertag()[pri:0, instance:xboxtestcases.TC_01_LeaderboardTopFive@3d121db3]" name="testGamertag" class="xboxtestcases.TC_01_LeaderboardTopFive"/>
        <method signature="TC_02_GamertagTopFive.validateUserTopFiveGames()[pri:0, instance:xboxtestcases.TC_02_GamertagTopFive@61dd025]" name="validateUserTopFiveGames" class="xboxtestcases.TC_02_GamertagTopFive"/>
      </group> <!-- IEWin32 -->
    </groups>
    <test started-at="2022-03-07T15:00:58Z" name="leaderboard top five - GoogleChrome" finished-at="2022-03-07T15:01:27Z" duration-ms="29232">
      <class name="xboxtestcases.TC_01_LeaderboardTopFive">
        <test-method is-config="true" signature="setUpBrowser(java.lang.String, java.lang.String, java.lang.String, java.lang.String)[pri:0, instance:xboxtestcases.TC_01_LeaderboardTopFive@3d121db3]" started-at="2022-03-07T09:00:58Z" name="setUpBrowser" finished-at="2022-03-07T09:00:59Z" duration-ms="1161" status="PASS">
          <params>
            <param index="0">
              <value>
                <![CDATA[chrome]]>
              </value>
            </param>
            <param index="1">
              <value>
                <![CDATA[false]]>
              </value>
            </param>
            <param index="2">
              <value>
                <![CDATA[localhost]]>
              </value>
            </param>
            <param index="3">
              <value>
                <![CDATA[4458]]>
              </value>
            </param>
          </params>
          <reporter-output>
          </reporter-output>
        </test-method> <!-- setUpBrowser -->
        <test-method signature="testGamertag()[pri:0, instance:xboxtestcases.TC_01_LeaderboardTopFive@3d121db3]" started-at="2022-03-07T09:00:59Z" name="testGamertag" finished-at="2022-03-07T09:01:09Z" duration-ms="9977" status="PASS">
          <reporter-output>
          </reporter-output>
        </test-method> <!-- testGamertag -->
        <test-method is-config="true" signature="tearDown()[pri:0, instance:xboxtestcases.TC_01_LeaderboardTopFive@3d121db3]" started-at="2022-03-07T09:01:09Z" name="tearDown" finished-at="2022-03-07T09:01:15Z" duration-ms="6214" status="PASS">
          <reporter-output>
          </reporter-output>
        </test-method> <!-- tearDown -->
      </class> <!-- xboxtestcases.TC_01_LeaderboardTopFive -->
      <class name="xboxtestcases.TC_02_GamertagTopFive">
        <test-method is-config="true" signature="setUpBrowser(java.lang.String, java.lang.String, java.lang.String, java.lang.String)[pri:0, instance:xboxtestcases.TC_02_GamertagTopFive@61dd025]" started-at="2022-03-07T09:01:15Z" name="setUpBrowser" finished-at="2022-03-07T09:01:16Z" duration-ms="748" status="PASS">
          <params>
            <param index="0">
              <value>
                <![CDATA[chrome]]>
              </value>
            </param>
            <param index="1">
              <value>
                <![CDATA[false]]>
              </value>
            </param>
            <param index="2">
              <value>
                <![CDATA[localhost]]>
              </value>
            </param>
            <param index="3">
              <value>
                <![CDATA[4458]]>
              </value>
            </param>
          </params>
          <reporter-output>
          </reporter-output>
        </test-method> <!-- setUpBrowser -->
        <test-method signature="validateUserTopFiveGames()[pri:0, instance:xboxtestcases.TC_02_GamertagTopFive@61dd025]" started-at="2022-03-07T09:01:16Z" name="validateUserTopFiveGames" finished-at="2022-03-07T09:01:21Z" duration-ms="4941" status="PASS">
          <reporter-output>
          </reporter-output>
        </test-method> <!-- validateUserTopFiveGames -->
        <test-method is-config="true" signature="tearDown()[pri:0, instance:xboxtestcases.TC_02_GamertagTopFive@61dd025]" started-at="2022-03-07T09:01:21Z" name="tearDown" finished-at="2022-03-07T09:01:27Z" duration-ms="6184" status="PASS">
          <reporter-output>
          </reporter-output>
        </test-method> <!-- tearDown -->
      </class> <!-- xboxtestcases.TC_02_GamertagTopFive -->
    </test> <!-- leaderboard top five - GoogleChrome -->
  </suite> <!-- Xbox Test Suite -->
</testng-results>
