<?xml version="1.0" encoding="UTF-8"?>
<testng-results total="1" passed="1" failed="0" skipped="0">
  <reporter-output>
  </reporter-output>
  <suite started-at="2022-03-07T14:32:14Z" name="Default suite" finished-at="2022-03-07T14:32:18Z" duration-ms="4226">
    <groups>
    </groups>
    <test started-at="2022-03-07T14:32:14Z" name="Default test" finished-at="2022-03-07T14:32:18Z" duration-ms="4226">
      <class name="xboxtestcases.TC_01_LeaderboardTopFive">
        <test-method is-config="true" signature="setUpBrowser(java.lang.String, java.lang.String, java.lang.String, java.lang.String)[pri:0, instance:xboxtestcases.TC_01_LeaderboardTopFive@6138e79a]" started-at="2022-03-07T08:32:14Z" name="setUpBrowser" finished-at="2022-03-07T08:32:15Z" duration-ms="959" status="PASS">
          <params>
            <param index="0">
              <value>
                <![CDATA[chrome]]>
              </value>
            </param>
            <param index="1">
              <value>
                <![CDATA[false]]>
              </value>
            </param>
            <param index="2">
              <value>
                <![CDATA[0]]>
              </value>
            </param>
            <param index="3">
              <value>
                <![CDATA[0]]>
              </value>
            </param>
          </params>
          <reporter-output>
          </reporter-output>
        </test-method> <!-- setUpBrowser -->
        <test-method signature="testGamertag()[pri:0, instance:xboxtestcases.TC_01_LeaderboardTopFive@6138e79a]" started-at="2022-03-07T08:32:15Z" name="testGamertag" finished-at="2022-03-07T08:32:16Z" duration-ms="1117" status="PASS">
          <reporter-output>
          </reporter-output>
        </test-method> <!-- testGamertag -->
        <test-method is-config="true" signature="tearDown()[pri:0, instance:xboxtestcases.TC_01_LeaderboardTopFive@6138e79a]" started-at="2022-03-07T08:32:16Z" name="tearDown" finished-at="2022-03-07T08:32:18Z" duration-ms="2140" status="PASS">
          <reporter-output>
          </reporter-output>
        </test-method> <!-- tearDown -->
      </class> <!-- xboxtestcases.TC_01_LeaderboardTopFive -->
    </test> <!-- Default test -->
  </suite> <!-- Default suite -->
</testng-results>
